0 info it worked if it ends with ok
1 verbose cli [ 'C:\\Program Files\\nodejs\\node.exe',
1 verbose cli   'C:\\Program Files\\nodejs\\node_modules\\npm\\bin\\npm-cli.js',
1 verbose cli   'start' ]
2 info using npm@3.10.8
3 info using node@v6.2.0
4 verbose run-script [ 'prestart', 'start', 'poststart' ]
5 info lifecycle NodeAngularD3@1.0.0~prestart: NodeAngularD3@1.0.0
6 silly lifecycle NodeAngularD3@1.0.0~prestart: no script for prestart, continuing
7 info lifecycle NodeAngularD3@1.0.0~start: NodeAngularD3@1.0.0
8 verbose lifecycle NodeAngularD3@1.0.0~start: unsafe-perm in lifecycle true
9 verbose lifecycle NodeAngularD3@1.0.0~start: PATH: C:\nvm\v6.2.0\node_modules\npm\bin\node-gyp-bin;D:\JS\NodeAngularD3\node_modules\.bin;C:\ProgramData\Oracle\Java\javapath;c:\Python27;c:\Python27\Lib;c:\Python27\Lib\site-packages;c:\Python33;c:\Python33\Lib;c:\Kivy-1.8.0-py2.7-win32\;c:\Kivy-1.8.0-py2.7-win32\Python27;c:\Kivy-1.8.0-py2.7-win32\tools;c:\Kivy-1.8.0-py2.7-win32\Python27\Scripts;c:\Kivy-1.8.0-py2.7-win32\gstreamer\bin;c:\Kivy-1.8.0-py2.7-win32\MinGW\bin;%PROGRAMFILES%\Abev 2006\krtitok;c:\ORACLE\product\11.2.0\client_1;c:\ORACLE\product\11.2.0\client_1\bin;C:\Perl64\site\bin;C:\Perl64\bin;%PROGRAMFILES%\Common Files\Microsoft Shared\Windows Live;%PROGRAMFILES% (x86)\Common Files\Microsoft Shared\Windows Live;C:\Windows\system32;C:\Windows;C:\Windows\System32\Wbem;C:\Windows\System32\WindowsPowerShell\v1.0\;%PROGRAMFILES%\Intel\DMIX;%PROGRAMFILES%\Intel\WiFi\bin\;%PROGRAMFILES%\Common Files\Intel\WirelessCommon\;%PROGRAMFILES%\WIDCOMM\Bluetooth Software\;%PROGRAMFILES%\WIDCOMM\Bluetooth Software\syswow64;%PROGRAMFILES% (x86)\NTRU Cryptosystems\NTRU TCG Software Stack\bin\;%PROGRAMFILES%\NTRU Cryptosystems\NTRU TCG Software Stack\bin\;%PROGRAMFILES%\Dell\Dell Data Protection\Access\Advanced\Wave\Gemalto\Access Client\v5\;%PROGRAMFILES% (x86)\Common Files\Roxio Shared\DLLShared\;%PROGRAMFILES% (x86)\Common Files\Roxio Shared\OEM\DLLShared\;%PROGRAMFILES% (x86)\Common Files\Roxio Shared\OEM\DLLShared\;%PROGRAMFILES% (x86)\Common Files\Roxio Shared\OEM\12.0\DLLShared\;%PROGRAMFILES% (x86)\Roxio\OEM\AudioCore\;%PROGRAMFILES% (x86)\Windows Live\Shared;%PROGRAMFILES% (x86)\Java\jre6\bin\;%PROGRAMFILES% (x86)\Calibre2\;%PROGRAMFILES% (x86)\Lua\5.1;%PROGRAMFILES% (x86)\Lua\5.1\clibs;%PROGRAMFILES% (x86)\BaseX\bin;%PROGRAMFILES% (x86)\scala\\bin;c:\GhostScript\gs8.64\bin\;%PROGRAMFILES% (x86)\QuickTime\QTSystem\;%PROGRAMFILES% (x86)\Common Files\Acronis\SnapAPI\;%PROGRAMFILES% (x86)\Brackets\command;%PROGRAMFILES% (x86)\Skype\Phone\;%USERPROFILE%\.dnx\bin;%PROGRAMFILES%\Microsoft DNX\Dnvm\;%PROGRAMFILES%\Microsoft SQL Server\130\Tools\Binn\;C:\nvm;C:\Program Files\nodejs;E:\Setup\Putty;%PROGRAMFILES%\OpenSSH\bin;%PROGRAMFILES%\SourceGear\Common\DiffMerge\;c:\pf\MongoDB\Server\3.4\bin\;C:\Program Files (x86)\Skype\Phone\;C:\Users\Szab贸Ferenc\AppData\Local\Programs\Python\Python35-32\Scripts\;C:\Users\Szab贸Ferenc\AppData\Local\Programs\Python\Python35-32\;C:\Program Files (x86)\IDM Computer Solutions\UltraEdit\;C:\Program Files (x86)\Common Files\Hackety Hack\0.r1529\..;C:\Users\Szab贸Ferenc\AppData\Local\.meteor\;c:\ant\bin;c:\Progra~1\Java\jdk1.7.0_25\bin;c:\android-sdk\tools;C:\Program Files (x86)\Microsoft VS Code\bin;C:\Users\Szab贸Ferenc\AppData\Local\atom\bin
10 verbose lifecycle NodeAngularD3@1.0.0~start: CWD: D:\JS\NodeAngularD3
11 silly lifecycle NodeAngularD3@1.0.0~start: Args: [ '/d /s /c', 'node src/server.js' ]
12 silly lifecycle NodeAngularD3@1.0.0~start: Returned: code: 1  signal: null
13 info lifecycle NodeAngularD3@1.0.0~start: Failed to exec start script
14 verbose stack Error: NodeAngularD3@1.0.0 start: `node src/server.js`
14 verbose stack Exit status 1
14 verbose stack     at EventEmitter.<anonymous> (C:\nvm\v6.2.0\node_modules\npm\lib\utils\lifecycle.js:255:16)
14 verbose stack     at emitTwo (events.js:106:13)
14 verbose stack     at EventEmitter.emit (events.js:191:7)
14 verbose stack     at ChildProcess.<anonymous> (C:\nvm\v6.2.0\node_modules\npm\lib\utils\spawn.js:40:14)
14 verbose stack     at emitTwo (events.js:106:13)
14 verbose stack     at ChildProcess.emit (events.js:191:7)
14 verbose stack     at maybeClose (internal/child_process.js:850:16)
14 verbose stack     at Process.ChildProcess._handle.onexit (internal/child_process.js:215:5)
15 verbose pkgid NodeAngularD3@1.0.0
16 verbose cwd D:\JS\NodeAngularD3
17 error Windows_NT 6.1.7601
18 error argv "C:\\Program Files\\nodejs\\node.exe" "C:\\Program Files\\nodejs\\node_modules\\npm\\bin\\npm-cli.js" "start"
19 error node v6.2.0
20 error npm  v3.10.8
21 error code ELIFECYCLE
22 error NodeAngularD3@1.0.0 start: `node src/server.js`
22 error Exit status 1
23 error Failed at the NodeAngularD3@1.0.0 start script 'node src/server.js'.
23 error Make sure you have the latest version of node.js and npm installed.
23 error If you do, this is most likely a problem with the NodeAngularD3 package,
23 error not with npm itself.
23 error Tell the author that this fails on your system:
23 error     node src/server.js
23 error You can get information on how to open an issue for this project with:
23 error     npm bugs NodeAngularD3
23 error Or if that isn't available, you can get their info via:
23 error     npm owner ls NodeAngularD3
23 error There is likely additional logging output above.
24 verbose exit [ 1, true ]
